<?xml version="1.0" encoding="UTF-8"?>
<!-- Generated by org.testng.reporters.JUnitReportReporter -->
<testsuite hostname="DESKTOP-681OCE0" failures="0" tests="1" name="driverFactory.DriverScript" time="126.357" errors="0" timestamp="2023-12-04T12:47:33 IST" skipped="0">
  <testcase classname="driverFactory.DriverScript" name="startTest" time="126.357">
    <system-out>
      <![CDATA[No.of rows are : 8
Supplier Add Fail :Supplier-00000000214    Supplier-00000000125
Supplier Add Fail :Supplier-00000000215    Supplier-00000000125
Supplier Add Fail :Supplier-00000000216    Supplier-00000000125
Supplier Add Fail :Supplier-00000000217    Supplier-00000000125
Supplier Add Fail :Supplier-00000000218    Supplier-00000000125
Supplier Add Fail :Supplier-00000000219    Supplier-00000000125
Supplier Add Fail :Supplier-00000000220    Supplier-00000000125
Supplier Add Fail :Supplier-00000000221    Supplier-00000000125]]>
    </system-out>
  </testcase> <!-- startTest -->
  <system-out>
    <![CDATA[No of rows in Login Sheet:7
Login success : dashboard    http://webapp.qedgetech.com/dashboard.php
Incorrect user ID or password
Login success : dashboard    http://webapp.qedgetech.com/dashboard.php
Login success : dashboard    http://webapp.qedgetech.com/dashboard.php
Incorrect user ID or password
Login success : dashboard    http://webapp.qedgetech.com/dashboard.php
Incorrect user ID or password
No.of rows are : 8
Supplier Add Fail :Supplier-00000000214    Supplier-00000000125
Supplier Add Fail :Supplier-00000000215    Supplier-00000000125
Supplier Add Fail :Supplier-00000000216    Supplier-00000000125
Supplier Add Fail :Supplier-00000000217    Supplier-00000000125
Supplier Add Fail :Supplier-00000000218    Supplier-00000000125
Supplier Add Fail :Supplier-00000000219    Supplier-00000000125
Supplier Add Fail :Supplier-00000000220    Supplier-00000000125
Supplier Add Fail :Supplier-00000000221    Supplier-00000000125]]>
  </system-out>
</testsuite> <!-- driverFactory.DriverScript -->
